modules/expo-call-ui/android/build/intermediates/manifest_merge_blame_file/debug/processDebugManifest/manifest-merger-blame-debug-report.txt
1<?xml version="1.0" encoding="utf-8"?>
2<manifest xmlns:android="http://schemas.android.com/apk/res/android"
3    package="expo.modules.callui" >
4
5    <uses-sdk android:minSdkVersion="24" />
6    <!--
7       Foreground service for the active-call ongoing notification. Declared here
8       in the module manifest (merged into the app manifest at build time) rather
9       than via a config plugin, so the permission + <service> ship with the
10       module that uses them. microphone/camera FGS types match the WebRTC call's
11       actual mic/camera capture and need no extra runtime role (unlike the
12       phoneCall type, which requires MANAGE_OWN_CALLS / self-managed Telecom).
13    -->
14    <uses-permission android:name="android.permission.FOREGROUND_SERVICE" />
14-->src/main/AndroidManifest.xml:8:3-75
14-->src/main/AndroidManifest.xml:8:20-72
15    <uses-permission android:name="android.permission.FOREGROUND_SERVICE_MICROPHONE" />
15-->src/main/AndroidManifest.xml:9:3-86
15-->src/main/AndroidManifest.xml:9:20-83
16    <uses-permission android:name="android.permission.FOREGROUND_SERVICE_CAMERA" />
16-->src/main/AndroidManifest.xml:10:3-82
16-->src/main/AndroidManifest.xml:10:20-79
17    <!--
18       RINGING uses the phoneCall FGS type, not microphone: a service started
19       while the app is in the background is stripped of mic/camera access ("can
20       not have location/camera/microphone access" in logcat), so the ring
21       service died and Android dropped the incoming-call notification with it —
22       the call rang on with nothing in the tray to answer from. phoneCall is the
23       type meant for this and needs only MANAGE_OWN_CALLS (a normal permission,
24       no runtime prompt). The ANSWERED call keeps the microphone/camera types.
25    -->
26    <uses-permission android:name="android.permission.FOREGROUND_SERVICE_PHONE_CALL" />
26-->src/main/AndroidManifest.xml:18:3-86
26-->src/main/AndroidManifest.xml:18:20-83
27    <uses-permission android:name="android.permission.MANAGE_OWN_CALLS" />
27-->src/main/AndroidManifest.xml:19:3-73
27-->src/main/AndroidManifest.xml:19:20-70
28
29    <!--
30       Lets the app open the system dialog to exempt itself from Doze battery
31       optimization (requestDisableBatteryOptimization). Without this exemption a
32       killed/rebooted app on OEM skins is blocked from waking on the incoming-call
33       FCM push, so calls never ring until the app is opened. Declared here so it
34       merges into the app manifest with the module that uses it.
35    -->
36    <uses-permission android:name="android.permission.REQUEST_IGNORE_BATTERY_OPTIMIZATIONS" />
36-->src/main/AndroidManifest.xml:26:3-93
36-->src/main/AndroidManifest.xml:26:20-90
37
38    <application>
38-->src/main/AndroidManifest.xml:28:3-48:17
39
40        <!--
41         Receives the Decline / Hang-up taps from the CallStyle notifications.
42         Runs natively even when the JS app is killed.
43        -->
44        <receiver
44-->src/main/AndroidManifest.xml:31:5-33:34
45            android:name="expo.modules.callui.CallActionReceiver"
45-->src/main/AndroidManifest.xml:32:7-41
46            android:exported="false" />
46-->src/main/AndroidManifest.xml:33:7-31
47
48        <!--
49         Persistent active-call notification (duration timer + Hang up).
50         stopWithTask="false" is what lets a call outlive the app's UI: when the
51         user swipes the app out of Recents mid-call the Activity is destroyed,
52         but this service (and with it the process, the JS runtime and the WebRTC
53         engine) keeps running, so the call continues and stays controllable from
54         its notification. With the default (true) the OS would tear the service
55         down with the task and kill the call. See CallForegroundService
56         .onTaskRemoved and src/calls/callSessionKeeper.js.
57        -->
58        <service
58-->src/main/AndroidManifest.xml:43:5-47:82
59            android:name="expo.modules.callui.CallForegroundService"
59-->src/main/AndroidManifest.xml:44:7-44
60            android:exported="false"
60-->src/main/AndroidManifest.xml:45:7-31
61            android:foregroundServiceType="microphone|camera|phoneCall|shortService"
61-->src/main/AndroidManifest.xml:47:7-79
62            android:stopWithTask="false" />
62-->src/main/AndroidManifest.xml:46:7-35
63    </application>
64
65</manifest>